[ 2015-02-28T15:44:16+08:00 ] ::1 /weibo/Public/Css/index.css
INFO: [ app_init ] --START--
INFO: Run Behavior\BuildLiteBehavior [ RunTime:0.001000s ]
INFO: [ app_init ] --END-- [ RunTime:0.005000s ]
ERR: æ— æ³•åŠ è½½æ¨¡å—:Public

[ 2015-02-28T15:44:16+08:00 ] ::1 /weibo/Public/Js/jquery-1.8.2.min.js
INFO: [ app_init ] --START--
INFO: Run Behavior\BuildLiteBehavior [ RunTime:0.000000s ]
INFO: [ app_init ] --END-- [ RunTime:0.004000s ]
ERR: æ— æ³•åŠ è½½æ¨¡å—:Public

[ 2015-02-28T15:44:16+08:00 ] ::1 /weibo/Public/Js/index.js
INFO: [ app_init ] --START--
INFO: Run Behavior\BuildLiteBehavior [ RunTime:0.000000s ]
INFO: [ app_init ] --END-- [ RunTime:0.004000s ]
ERR: æ— æ³•åŠ è½½æ¨¡å—:Public

[ 2015-02-28T15:44:16+08:00 ] ::1 /weibo/Public/Js/jquery-1.8.2.min.js
INFO: [ app_init ] --START--
INFO: Run Behavior\BuildLiteBehavior [ RunTime:0.001000s ]
INFO: [ app_init ] --END-- [ RunTime:0.003000s ]
ERR: æ— æ³•åŠ è½½æ¨¡å—:Public

[ 2015-02-28T15:46:04+08:00 ] ::1 /weibo/Public/Css/login.css
INFO: [ app_init ] --START--
INFO: Run Behavior\BuildLiteBehavior [ RunTime:0.001000s ]
INFO: [ app_init ] --END-- [ RunTime:0.005000s ]
ERR: æ— æ³•åŠ è½½æ¨¡å—:Public

[ 2015-02-28T15:46:04+08:00 ] ::1 /weibo/Public/Images/blogo.png
INFO: [ app_init ] --START--
INFO: Run Behavior\BuildLiteBehavior [ RunTime:0.000000s ]
INFO: [ app_init ] --END-- [ RunTime:0.004000s ]
ERR: æ— æ³•åŠ è½½æ¨¡å—:Public

ic

—:Public

[ 2015-02-28T15:46:04+08:00 ] ::1 /weibo/Public/Js/login.js
INFO: [ app_init ] --START--
INFO: Run Behavior\BuildLiteBehavior [ RunTime:0.000000s ]
INFO: [ app_init ] --END-- [ RunTime:0.004000s ]
ERR: æ— æ³•åŠ è½½æ¨¡å—:Public

[ 2015-02-28T15:46:04+08:00 ] ::1 /weibo/Public/Js/JqueryUI/jquery-ui-1.9.2.min.css
INFO: [ app_init ] --START--
INFO: Run Behavior\BuildLiteBehavior [ RunTime:0.000000s ]
INFO: [ app_init ] --END-- [ RunTime:0.003000s ]
ERR: æ— æ³•åŠ è½½æ¨¡å—:Public

[ 2015-02-28T15:46:04+08:00 ] ::1 /weibo/Public/Images/blogo.png
INFO: [ app_init ] --START--
INFO: Run Behavior\BuildLiteBehavior [ RunTime:0.000000s ]
INFO: [ app_init ] --END-- [ RunTime:0.003000s ]
ERR: æ— æ³•åŠ è½½æ¨¡å—:Public

[ 2015-02-28T15:46:26+08:00 ] ::1 /weibo/Public/Js/JqueryUI/jquery-ui-1.9.2.min.js
INFO: [ app_init ] --START--
INFO: Run Behavior\BuildLiteBehavior [ RunTime:0.000000s ]
INFO: [ app_init ] --END-- [ RunTime:0.008000s ]
ERR: æ— æ³•åŠ è½½æ¨¡å—:Public

[ 2015-02-28T15:46:26+08:00 ] ::1 /weibo/Public/Js/jquery-1.8.2.min.js
INFO: [ app_init ] --START--
INFO: Run Behavior\BuildLiteBehavior [ RunTime:0.001000s ]
INFO: [ app_init ] --END-- [ RunTime:0.004000s ]
ERR: æ— æ³•åŠ è½½æ¨¡å—:Public

[ 2015-02-28T15:46:26+08:00 ] ::1 /weibo/Public/Js/JqueryUI/jquery-ui-1.9.2.min.css
INFO: [ app_init ] --START--
INFO: Run Behavior\BuildLiteBehavior [ RunTime:0.001000s ]
INFO: [ app_init ] --END-- [ RunTime:0.011001s ]
ERR: æ— æ³•åŠ è½½æ¨¡å—:Public

[ 2015-02-28T15:46:26+08:00 ] ::1 /weibo/Public/Images/blogo.png
INFO: [ app_init ] --START--
INFO: Run Behavior\BuildLiteBehavior [ RunTime:0.000000s ]
INFO: [ app_init ] --END-- [ RunTime:0.004000s ]
ERR: æ— æ³•åŠ è½½æ¨¡å—:Public

[ 2015-02-28T15:46:26+08:00 ] ::1 /weibo/Public/Js/login.js
INFO: [ app_init ] --START--
INFO: Run Behavior\BuildLiteBehavior [ RunTime:0.003000s ]
INFO: [ app_init ] --END-- [ RunTime:0.006000s ]
ERR: æ— æ³•åŠ è½½æ¨¡å—:Public

[ 2015-02-28T15:46:26+08:00 ] ::1 /weibo/Public/Css/login.css
INFO: [ app_init ] --START--
INFO: Run Behavior\BuildLiteBehavior [ RunTime:0.001000s ]
INFO: [ app_init ] --END-- [ RunTime:0.015000s ]
ERR: æ— æ³•åŠ è½½æ¨¡å—:Public

[ 2015-02-28T15:46:26+08:00 ] ::1 /weibo/Public/Images/blogo.png
INFO: [ app_init ] --START--
INFO: Run Behavior\BuildLiteBehavior [ RunTime:0.001000s ]
INFO: [ app_init ] --END-- [ RunTime:0.003000s ]
ERR: æ— æ³•åŠ è½½æ¨¡å—:Public

